[0813/060142.732:ERROR:process_reader_win.cc(151)] SuspendThread: Access is denied. (0x5)
[0813/060142.733:ERROR:process_reader_win.cc(151)] SuspendThread: Access is denied. (0x5)
[0813/060142.733:ERROR:process_reader_win.cc(151)] SuspendThread: Access is denied. (0x5)
[0813/060142.733:ERROR:process_reader_win.cc(151)] SuspendThread: Access is denied. (0x5)
[0813/060142.734:ERROR:process_reader_win.cc(151)] SuspendThread: Access is denied. (0x5)
[0813/060142.734:ERROR:process_reader_win.cc(151)] SuspendThread: Access is denied. (0x5)
[0813/060142.734:ERROR:process_reader_win.cc(151)] SuspendThread: Access is denied. (0x5)
[0813/060142.734:ERROR:process_reader_win.cc(151)] SuspendThread: Access is denied. (0x5)
[0813/060142.734:ERROR:process_reader_win.cc(151)] SuspendThread: Access is denied. (0x5)
[0813/060142.734:ERROR:process_reader_win.cc(151)] SuspendThread: Access is denied. (0x5)
[0813/060142.735:ERROR:process_reader_win.cc(151)] SuspendThread: Access is denied. (0x5)
[0813/060142.735:ERROR:process_reader_win.cc(151)] SuspendThread: Access is denied. (0x5)
[0813/060142.734:ERROR:process_reader_win.cc(123)] NtOpenThread: {Access Denied} A process has requested access to an object, but has not been granted those access rights. (0xc0000022)
[0813/060142.735:ERROR:process_reader_win.cc(151)] SuspendThread: Access is denied. (0x5)
[0813/060142.735:ERROR:process_reader_win.cc(151)] SuspendThread: Access is denied. (0x5)
[0813/060142.735:ERROR:process_reader_win.cc(151)] SuspendThread: Access is denied. (0x5)
[0813/060142.735:ERROR:exception_snapshot_win.cc(98)] thread ID 12768 not found in process
[0813/060142.735:ERROR:process_reader_win.cc(151)] SuspendThread: Access is denied. (0x5)
[0813/060142.735:ERROR:process_reader_win.cc(151)] SuspendThread: Access is denied. (0x5)
[0813/060142.735:ERROR:process_reader_win.cc(151)] SuspendThread: Access is denied. (0x5)
[0813/060142.735:ERROR:process_reader_win.cc(151)] SuspendThread: Access is denied. (0x5)
[0813/060142.735:ERROR:process_reader_win.cc(151)] SuspendThread: Access is denied. (0x5)
[0813/060142.735:ERROR:process_reader_win.cc(151)] SuspendThread: Access is denied. (0x5)
[0813/060142.735:ERROR:process_reader_win.cc(151)] SuspendThread: Access is denied. (0x5)
[0813/060142.735:ERROR:process_reader_win.cc(151)] SuspendThread: Access is denied. (0x5)
[0813/060142.735:ERROR:process_reader_win.cc(151)] SuspendThread: Access is denied. (0x5)
[0813/060142.735:ERROR:process_reader_win.cc(151)] SuspendThread: Access is denied. (0x5)
[0813/060142.735:ERROR:process_reader_win.cc(151)] SuspendThread: Access is denied. (0x5)
[0813/060142.735:ERROR:process_reader_win.cc(151)] SuspendThread: Access is denied. (0x5)
[0813/060142.735:ERROR:process_reader_win.cc(151)] SuspendThread: Access is denied. (0x5)
[0813/060142.735:ERROR:process_reader_win.cc(151)] SuspendThread: Access is denied. (0x5)
[0813/060142.735:ERROR:process_reader_win.cc(123)] NtOpenThread: {Access Denied} A process has requested access to an object, but has not been granted those access rights. (0xc0000022)
[0813/060142.735:ERROR:process_reader_win.cc(151)] SuspendThread: Access is denied. (0x5)
[0813/060142.735:ERROR:exception_snapshot_win.cc(98)] thread ID 1520 not found in process
[0813/060142.735:ERROR:process_reader_win.cc(123)] NtOpenThread: {Access Denied} A process has requested access to an object, but has not been granted those access rights. (0xc0000022)
[0813/060142.736:ERROR:exception_snapshot_win.cc(98)] thread ID 32832 not found in process
[0813/060142.745:ERROR:process_reader_win.cc(123)] NtOpenThread: {Access Denied} A process has requested access to an object, but has not been granted those access rights. (0xc0000022)
[0813/060142.746:ERROR:exception_snapshot_win.cc(98)] thread ID 8072 not found in process
[0813/060142.762:ERROR:process_reader_win.cc(151)] SuspendThread: Access is denied. (0x5)
[0813/060142.762:ERROR:process_reader_win.cc(151)] SuspendThread: Access is denied. (0x5)
[0813/060142.762:ERROR:process_reader_win.cc(151)] SuspendThread: Access is denied. (0x5)
[0813/060142.762:ERROR:process_reader_win.cc(151)] SuspendThread: Access is denied. (0x5)
[0813/060142.762:ERROR:process_reader_win.cc(151)] SuspendThread: Access is denied. (0x5)
[0813/060142.762:ERROR:process_reader_win.cc(151)] SuspendThread: Access is denied. (0x5)
[0813/060142.762:ERROR:process_reader_win.cc(151)] SuspendThread: Access is denied. (0x5)
[0813/060142.762:ERROR:process_reader_win.cc(151)] SuspendThread: Access is denied. (0x5)
[0813/060142.762:ERROR:process_reader_win.cc(151)] SuspendThread: Access is denied. (0x5)
[0813/060142.763:ERROR:process_reader_win.cc(151)] SuspendThread: Access is denied. (0x5)
[0813/060142.763:ERROR:process_reader_win.cc(151)] SuspendThread: Access is denied. (0x5)
[0813/060142.763:ERROR:process_reader_win.cc(123)] NtOpenThread: {Access Denied} A process has requested access to an object, but has not been granted those access rights. (0xc0000022)
[0813/060142.763:ERROR:exception_snapshot_win.cc(98)] thread ID 36852 not found in process
[0813/060142.780:ERROR:process_reader_win.cc(151)] SuspendThread: Access is denied. (0x5)
[0813/060142.781:ERROR:process_reader_win.cc(151)] SuspendThread: Access is denied. (0x5)
[0813/060142.781:ERROR:process_reader_win.cc(151)] SuspendThread: Access is denied. (0x5)
[0813/060142.781:ERROR:process_reader_win.cc(151)] SuspendThread: Access is denied. (0x5)
[0813/060142.781:ERROR:process_reader_win.cc(151)] SuspendThread: Access is denied. (0x5)
[0813/060142.781:ERROR:process_reader_win.cc(151)] SuspendThread: Access is denied. (0x5)
[0813/060142.781:ERROR:process_reader_win.cc(151)] SuspendThread: Access is denied. (0x5)
[0813/060142.781:ERROR:process_reader_win.cc(151)] SuspendThread: Access is denied. (0x5)
[0813/060142.781:ERROR:process_reader_win.cc(151)] SuspendThread: Access is denied. (0x5)
[0813/060142.781:ERROR:process_reader_win.cc(151)] SuspendThread: Access is denied. (0x5)
[0813/060142.781:ERROR:process_reader_win.cc(151)] SuspendThread: Access is denied. (0x5)
[0813/060142.781:ERROR:process_reader_win.cc(123)] NtOpenThread: {Access Denied} A process has requested access to an object, but has not been granted those access rights. (0xc0000022)
[0813/060142.781:ERROR:exception_snapshot_win.cc(98)] thread ID 25036 not found in process
[0813/060142.803:ERROR:process_reader_win.cc(151)] SuspendThread: Access is denied. (0x5)
[0813/060142.803:ERROR:process_reader_win.cc(151)] SuspendThread: Access is denied. (0x5)
[0813/060142.803:ERROR:process_reader_win.cc(151)] SuspendThread: Access is denied. (0x5)
[0813/060142.803:ERROR:process_reader_win.cc(151)] SuspendThread: Access is denied. (0x5)
[0813/060142.803:ERROR:process_reader_win.cc(151)] SuspendThread: Access is denied. (0x5)
[0813/060142.803:ERROR:process_reader_win.cc(151)] SuspendThread: Access is denied. (0x5)
[0813/060142.803:ERROR:process_reader_win.cc(151)] SuspendThread: Access is denied. (0x5)
[0813/060142.803:ERROR:process_reader_win.cc(151)] SuspendThread: Access is denied. (0x5)
[0813/060142.803:ERROR:process_reader_win.cc(151)] SuspendThread: Access is denied. (0x5)
[0813/060142.803:ERROR:process_reader_win.cc(151)] SuspendThread: Access is denied. (0x5)
[0813/060142.804:ERROR:process_reader_win.cc(151)] SuspendThread: Access is denied. (0x5)
[0813/060142.804:ERROR:process_reader_win.cc(151)] SuspendThread: Access is denied. (0x5)
[0813/060142.804:ERROR:process_reader_win.cc(123)] NtOpenThread: {Access Denied} A process has requested access to an object, but has not been granted those access rights. (0xc0000022)
[0813/060142.804:ERROR:exception_snapshot_win.cc(98)] thread ID 25444 not found in process
[0813/060142.818:ERROR:process_reader_win.cc(151)] SuspendThread: Access is denied. (0x5)
[0813/060142.818:ERROR:process_reader_win.cc(151)] SuspendThread: Access is denied. (0x5)
[0813/060142.818:ERROR:process_reader_win.cc(151)] SuspendThread: Access is denied. (0x5)
[0813/060142.818:ERROR:process_reader_win.cc(151)] SuspendThread: Access is denied. (0x5)
[0813/060142.818:ERROR:process_reader_win.cc(151)] SuspendThread: Access is denied. (0x5)
[0813/060142.818:ERROR:process_reader_win.cc(151)] SuspendThread: Access is denied. (0x5)
[0813/060142.818:ERROR:process_reader_win.cc(151)] SuspendThread: Access is denied. (0x5)
[0813/060142.818:ERROR:process_reader_win.cc(151)] SuspendThread: Access is denied. (0x5)
[0813/060142.818:ERROR:process_reader_win.cc(151)] SuspendThread: Access is denied. (0x5)
[0813/060142.818:ERROR:process_reader_win.cc(151)] SuspendThread: Access is denied. (0x5)
[0813/060142.818:ERROR:process_reader_win.cc(151)] SuspendThread: Access is denied. (0x5)
[0813/060142.818:ERROR:process_reader_win.cc(123)] NtOpenThread: {Access Denied} A process has requested access to an object, but has not been granted those access rights. (0xc0000022)
[0813/060142.819:ERROR:exception_snapshot_win.cc(98)] thread ID 36768 not found in process
[0813/060142.828:ERROR:process_info.cc(329)] VirtualQueryEx: Access is denied. (0x5)
[0813/060142.828:ERROR:process_info.cc(556)] ReadMemoryInfo failed
[0813/060142.828:ERROR:process_memory_win.cc(39)] Failed to initialize ProcessInfo.
[0813/060142.828:ERROR:scoped_process_suspend.cc(40)] NtResumeProcess: An attempt was made to access an exiting process. (0xc000010a)
[0813/060142.850:ERROR:process_reader_win.cc(151)] SuspendThread: Access is denied. (0x5)
[0813/060142.850:ERROR:exception_snapshot_win.cc(98)] thread ID 26912 not found in process
